  game.cpp
C:\Users\st\source\repos\Dino\Dino\cactus.h(58,13): warning C4244: инициализация: преобразование "float" в "int", возможна потеря данных
C:\Users\st\source\repos\Dino\Dino\cactus.h(63,11): warning C4244: инициализация: преобразование "double" в "float", возможна потеря данных
C:\Users\st\source\repos\Dino\Dino\cactus.h(64,22): warning C4244: аргумент: преобразование "int" в "float", возможна потеря данных
C:\Users\st\source\repos\Dino\Dino\game.cpp(6,37): warning C4244: аргумент: преобразование "const float" в "unsigned int", возможна потеря данных
C:\Users\st\source\repos\Dino\Dino\game.cpp(6,23): warning C4244: аргумент: преобразование "const float" в "unsigned int", возможна потеря данных
C:\Users\st\source\repos\Dino\Dino\game.cpp(15,32): warning C4305: аргумент: усечение из "double" в "float"
C:\Users\st\source\repos\Dino\Dino\game.cpp(79,29): warning C4018: >: несоответствие типов со знаком и без знака
  main.cpp
C:\Users\st\source\repos\Dino\Dino\cactus.h(58,13): warning C4244: инициализация: преобразование "float" в "int", возможна потеря данных
C:\Users\st\source\repos\Dino\Dino\cactus.h(63,11): warning C4244: инициализация: преобразование "double" в "float", возможна потеря данных
C:\Users\st\source\repos\Dino\Dino\cactus.h(64,22): warning C4244: аргумент: преобразование "int" в "float", возможна потеря данных
  player.cpp
C:\Users\st\source\repos\Dino\Dino\cactus.h(58,13): warning C4244: инициализация: преобразование "float" в "int", возможна потеря данных
C:\Users\st\source\repos\Dino\Dino\cactus.h(63,11): warning C4244: инициализация: преобразование "double" в "float", возможна потеря данных
C:\Users\st\source\repos\Dino\Dino\cactus.h(64,22): warning C4244: аргумент: преобразование "int" в "float", возможна потеря данных
C:\Users\st\source\repos\Dino\Dino\player.cpp(18,60): warning C4244: аргумент: преобразование "double" в "float", возможна потеря данных
C:\Users\st\source\repos\Dino\Dino\player.cpp(22,27): warning C4018: >: несоответствие типов со знаком и без знака
C:\Users\st\source\repos\Dino\Dino\player.cpp(37,29): warning C4018: >: несоответствие типов со знаком и без знака
  Создание кода...
  Dino.vcxproj -> C:\Users\st\source\repos\Dino\Debug\Dino.exe
